<?xml version="1.0" encoding="UTF-8"?>
<!-- Generated by org.testng.reporters.JUnitXMLReporter -->
<testsuite hostname="Stanislavs-MacBook-Pro.local" ignored="0" name="Default test" tests="4" failures="0" timestamp="26 Jul 2018 04:52:10 GMT" time="10.904" errors="0">
  <testcase name="testResponsecode" time="6.359" classname="getRequest.GetData2"/>
  <testcase name="testbody" time="2.495" classname="getRequest.GetData2"/>
  <testcase name="testResponsecode" time="1.008" classname="getRequest.GetData"/>
  <testcase name="testbody" time="0.959" classname="getRequest.GetData"/>
</testsuite> <!-- Default test -->
