<?xml version="1.0" encoding="UTF-8"?>
<testng-results skipped="0" failed="0" ignored="0" total="4" passed="4">
  <reporter-output>
  </reporter-output>
  <suite name="Default suite" duration-ms="10904" started-at="2018-07-26T04:51:58Z" finished-at="2018-07-26T04:52:09Z">
    <groups>
    </groups>
    <test name="Default test" duration-ms="10904" started-at="2018-07-26T04:51:58Z" finished-at="2018-07-26T04:52:09Z">
      <class name="getRequest.GetData2">
        <test-method status="PASS" signature="testResponsecode()[pri:0, instance:getRequest.GetData2@4cc0edeb]" name="testResponsecode" duration-ms="6359" started-at="2018-07-26T04:51:58Z" finished-at="2018-07-26T04:52:04Z">
          <reporter-output>
          </reporter-output>
        </test-method> <!-- testResponsecode -->
        <test-method status="PASS" signature="testbody()[pri:0, instance:getRequest.GetData2@4cc0edeb]" name="testbody" duration-ms="2495" started-at="2018-07-26T04:52:04Z" finished-at="2018-07-26T04:52:07Z">
          <reporter-output>
          </reporter-output>
        </test-method> <!-- testbody -->
      </class> <!-- getRequest.GetData2 -->
      <class name="getRequest.GetData">
        <test-method status="PASS" signature="testResponsecode()[pri:0, instance:getRequest.GetData@39aeed2f]" name="testResponsecode" duration-ms="1008" started-at="2018-07-26T04:52:07Z" finished-at="2018-07-26T04:52:08Z">
          <reporter-output>
          </reporter-output>
        </test-method> <!-- testResponsecode -->
        <test-method status="PASS" signature="testbody()[pri:0, instance:getRequest.GetData@39aeed2f]" name="testbody" duration-ms="959" started-at="2018-07-26T04:52:08Z" finished-at="2018-07-26T04:52:09Z">
          <reporter-output>
          </reporter-output>
        </test-method> <!-- testbody -->
      </class> <!-- getRequest.GetData -->
    </test> <!-- Default test -->
  </suite> <!-- Default suite -->
</testng-results>
